[2012-02-20 06:15:13] ================================================
[2012-02-20 06:15:13] Install started
[2012-02-20 06:15:13] ================================================
[2012-02-20 06:15:13] ** Logging to /Desktop/git-home/suite-solaris-build/scripts/install-opengeo-suite.log
[2012-02-20 06:15:13] 
[2012-02-20 06:15:13] ** SourcePkg (-S)
[2012-02-20 06:15:14] Not specified on the commandline ...
[2012-02-20 06:15:14] Will attempt to use default /Desktop/git-home/suite-solaris-build/scripts/pkg/opengeo-suite-2.4.3-ee-solaris.tar
[2012-02-20 06:15:14] FATAL: Source package /Desktop/git-home/suite-solaris-build/scripts/pkg/opengeo-suite-2.4.3-ee-solaris.tar does not exist, exiting ...
[2012-02-20 06:16:19] ================================================
[2012-02-20 06:16:19] Install started
[2012-02-20 06:16:19] ================================================
[2012-02-20 06:16:19] ** Logging to /Desktop/git-home/suite-solaris-build/scripts/install-opengeo-suite.log
[2012-02-20 06:16:19] 
[2012-02-20 06:16:19] ** SourcePkg (-S)
[2012-02-20 06:16:19] Found on the commandline ...
[2012-02-20 06:16:19] Using the value provided /tmp/opengeo-suite-src/opengeo-suite-2.4.3-ee-solaris.tar
[2012-02-20 06:16:19] Found source package /tmp/opengeo-suite-src/opengeo-suite-2.4.3-ee-solaris.tar
[2012-02-20 06:16:19] ** TargetDir (-T)
[2012-02-20 06:16:19] Not specified on the commandline ...
[2012-02-20 06:16:19] Will attempt to use default /glassfish3/glassfish/domains/domain1/autodeploy
[2012-02-20 06:16:19] FATAL: Target directory /glassfish3/glassfish/domains/domain1/autodeploy does not exist, exiting ...
[2012-02-20 06:16:50] ================================================
[2012-02-20 06:16:50] Install started
[2012-02-20 06:16:50] ================================================
[2012-02-20 06:16:50] ** Logging to /Desktop/git-home/suite-solaris-build/scripts/install-opengeo-suite.log
[2012-02-20 06:16:50] 
[2012-02-20 06:16:50] ** SourcePkg (-S)
[2012-02-20 06:16:50] Found on the commandline ...
[2012-02-20 06:16:50] Using the value provided /tmp/opengeo-suite-src/opengeo-suite-2.4.3-ee-solaris.tar
[2012-02-20 06:16:50] Found source package /tmp/opengeo-suite-src/opengeo-suite-2.4.3-ee-solaris.tar
[2012-02-20 06:16:50] ** TargetDir (-T)
[2012-02-20 06:16:50] Found on the commandline ...
[2012-02-20 06:16:50] Using the value provided /tmp/opengeo-suite-dest/
[2012-02-20 06:16:50] Found target directory /tmp/opengeo-suite-dest/
[2012-02-20 06:16:50] ** TempDir (-M)
[2012-02-20 06:16:50] Not specified on the commandline ...
[2012-02-20 06:16:50] Will attempt to use default /tmp
[2012-02-20 06:16:50] Found and/or created /tmp
[2012-02-20 06:16:50] ** GeoExplorerDataDir (-E)
[2012-02-20 06:16:50] Not specified on the commandline ...
[2012-02-20 06:16:50] Will use app default data directory
[2012-02-20 06:16:50] ** GeoServerDataDir (-G)
[2012-02-20 06:16:50] Not specified on the commandline ...
[2012-02-20 06:16:50] Will use app default data directory
[2012-02-20 06:16:50] ** GeoServerLogDir (-L)
[2012-02-20 06:16:50] Not specified on the commandline ...
[2012-02-20 06:16:50] Will use app default log directory
[2012-02-20 06:16:50] ** TemplateDataPack (-P)
[2012-02-20 06:16:50] Not specified on the command line ...
[2012-02-20 06:16:50] Will not use TemplateDataPack
[2012-02-20 06:16:50] ** JNDIConnRef (-J)
[2012-02-20 06:16:50] Not specified on the command line ...
[2012-02-20 06:16:50] Will not set JNDIConnRef
[2012-02-20 06:16:50] ** Glassfish User (-U)
[2012-02-20 06:16:50] Not specified on the commandline ...
[2012-02-20 06:16:50] Will use default dcuser.
[2012-02-20 06:16:50] ** Untar'ing Suite installation package into temp dir
[2012-02-20 06:16:50] Found Gtar where we expected it /usr/sbin/tar
[2012-02-20 06:16:50] FATAL: Command /usr/sbin/tar -xf /tmp/opengeo-suite-src/opengeo-suite-2.4.3-ee-solaris.tar -C /tmp failed with exit code 1
[2012-02-20 06:19:38] ================================================
[2012-02-20 06:19:38] Install started
[2012-02-20 06:19:38] ================================================
[2012-02-20 06:19:38] ** Logging to /Desktop/git-home/suite-solaris-build/scripts/install-opengeo-suite.log
[2012-02-20 06:19:38] 
[2012-02-20 06:19:38] ** SourcePkg (-S)
[2012-02-20 06:19:38] Found on the commandline ...
[2012-02-20 06:19:38] Using the value provided /tmp/opengeo-suite-src/opengeo-suite-2.4.3-ee-solaris.tar
[2012-02-20 06:19:38] FATAL: Source package /tmp/opengeo-suite-src/opengeo-suite-2.4.3-ee-solaris.tar does not exist, exiting ...
[2012-02-20 06:20:25] ================================================
[2012-02-20 06:20:25] Install started
[2012-02-20 06:20:25] ================================================
[2012-02-20 06:20:25] ** Logging to /Desktop/git-home/suite-solaris-build/scripts/install-opengeo-suite.log
[2012-02-20 06:20:25] 
[2012-02-20 06:20:25] ** SourcePkg (-S)
[2012-02-20 06:20:25] Found on the commandline ...
[2012-02-20 06:20:25] Using the value provided /tmp/opengeo-suite-source/opengeo-suite-2.4.3-ee-solaris.tar
[2012-02-20 06:20:25] FATAL: Source package /tmp/opengeo-suite-source/opengeo-suite-2.4.3-ee-solaris.tar does not exist, exiting ...
[2012-02-20 06:21:01] ================================================
[2012-02-20 06:21:01] Install started
[2012-02-20 06:21:01] ================================================
[2012-02-20 06:21:01] ** Logging to /Desktop/git-home/suite-solaris-build/scripts/install-opengeo-suite.log
[2012-02-20 06:21:01] 
[2012-02-20 06:21:01] ** SourcePkg (-S)
[2012-02-20 06:21:01] Found on the commandline ...
[2012-02-20 06:21:01] Using the value provided /tmp/opengeo-suite-source/opengeo-suite-2.4.3-ee-solaris.tar
[2012-02-20 06:21:01] Found source package /tmp/opengeo-suite-source/opengeo-suite-2.4.3-ee-solaris.tar
[2012-02-20 06:21:01] ** TargetDir (-T)
[2012-02-20 06:21:01] Found on the commandline ...
[2012-02-20 06:21:01] Using the value provided /tmp/opengeo-suite-target/
[2012-02-20 06:21:01] Found target directory /tmp/opengeo-suite-target/
[2012-02-20 06:21:01] ** TempDir (-M)
[2012-02-20 06:21:01] Not specified on the commandline ...
[2012-02-20 06:21:01] Will attempt to use default /tmp/opengeo-suite-temp
[2012-02-20 06:21:01] Found and/or created /tmp/opengeo-suite-temp
[2012-02-20 06:21:01] ** GeoExplorerDataDir (-E)
[2012-02-20 06:21:01] Not specified on the commandline ...
[2012-02-20 06:21:01] Will use app default data directory
[2012-02-20 06:21:01] ** GeoServerDataDir (-G)
[2012-02-20 06:21:01] Not specified on the commandline ...
[2012-02-20 06:21:01] Will use app default data directory
[2012-02-20 06:21:01] ** GeoServerLogDir (-L)
[2012-02-20 06:21:01] Not specified on the commandline ...
[2012-02-20 06:21:01] Will use app default log directory
[2012-02-20 06:21:01] ** TemplateDataPack (-P)
[2012-02-20 06:21:01] Not specified on the command line ...
[2012-02-20 06:21:01] Will not use TemplateDataPack
[2012-02-20 06:21:01] ** JNDIConnRef (-J)
[2012-02-20 06:21:01] Not specified on the command line ...
[2012-02-20 06:21:01] Will not set JNDIConnRef
[2012-02-20 06:21:01] ** Glassfish User (-U)
[2012-02-20 06:21:01] Not specified on the commandline ...
[2012-02-20 06:21:01] Will use default dcuser.
[2012-02-20 06:21:01] ** Untar'ing Suite installation package into temp dir
[2012-02-20 06:21:01] Found Gtar where we expected it /usr/sbin/tar
[2012-02-20 06:21:01] FATAL: Command /usr/sbin/tar -xf /tmp/opengeo-suite-source/opengeo-suite-2.4.3-ee-solaris.tar -C /tmp/opengeo-suite-temp failed with exit code 1
[2012-02-20 06:22:02] ================================================
[2012-02-20 06:22:02] Install started
[2012-02-20 06:22:02] ================================================
[2012-02-20 06:22:02] ** Logging to /Desktop/git-home/suite-solaris-build/scripts/install-opengeo-suite.log
[2012-02-20 06:22:02] 
[2012-02-20 06:22:02] ** SourcePkg (-S)
[2012-02-20 06:22:02] Found on the commandline ...
[2012-02-20 06:22:02] Using the value provided /tmp/opengeo-suite-source/opengeo-suite-2.4.3-ee-solaris.tar
[2012-02-20 06:22:02] Found source package /tmp/opengeo-suite-source/opengeo-suite-2.4.3-ee-solaris.tar
[2012-02-20 06:22:02] ** TargetDir (-T)
[2012-02-20 06:22:02] Found on the commandline ...
[2012-02-20 06:22:02] Using the value provided /tmp/opengeo-suite-target/
[2012-02-20 06:22:02] Found target directory /tmp/opengeo-suite-target/
[2012-02-20 06:22:02] ** TempDir (-M)
[2012-02-20 06:22:02] Not specified on the commandline ...
[2012-02-20 06:22:02] Will attempt to use default /tmp/opengeo-suite-temp
[2012-02-20 06:22:02] Found and/or created /tmp/opengeo-suite-temp
[2012-02-20 06:22:02] ** GeoExplorerDataDir (-E)
[2012-02-20 06:22:02] Not specified on the commandline ...
[2012-02-20 06:22:02] Will use app default data directory
[2012-02-20 06:22:02] ** GeoServerDataDir (-G)
[2012-02-20 06:22:02] Not specified on the commandline ...
[2012-02-20 06:22:02] Will use app default data directory
[2012-02-20 06:22:02] ** GeoServerLogDir (-L)
[2012-02-20 06:22:02] Not specified on the commandline ...
[2012-02-20 06:22:02] Will use app default log directory
[2012-02-20 06:22:02] ** TemplateDataPack (-P)
[2012-02-20 06:22:02] Not specified on the command line ...
[2012-02-20 06:22:02] Will not use TemplateDataPack
[2012-02-20 06:22:02] ** JNDIConnRef (-J)
[2012-02-20 06:22:02] Not specified on the command line ...
[2012-02-20 06:22:02] Will not set JNDIConnRef
[2012-02-20 06:22:02] ** Glassfish User (-U)
[2012-02-20 06:22:02] Not specified on the commandline ...
[2012-02-20 06:22:02] Will use default dcuser.
[2012-02-20 06:22:02] ** Untar'ing Suite installation package into temp dir
[2012-02-20 06:22:02] Found Gtar where we expected it /usr/sbin/tar
[2012-02-20 06:22:02] FATAL: Command /usr/sbin/tar -xf /tmp/opengeo-suite-source/opengeo-suite-2.4.3-ee-solaris.tar -C /tmp/opengeo-suite-temp failed with exit code 1
[2012-02-20 06:22:21] ================================================
[2012-02-20 06:22:21] Install started
[2012-02-20 06:22:21] ================================================
[2012-02-20 06:22:21] ** Logging to /Desktop/git-home/suite-solaris-build/scripts/install-opengeo-suite.log
[2012-02-20 06:22:21] 
[2012-02-20 06:22:21] ** SourcePkg (-S)
[2012-02-20 06:22:21] Found on the commandline ...
[2012-02-20 06:22:21] Using the value provided /tmp/opengeo-suite-source/opengeo-suite-2.4.3-ee-solaris.tar
[2012-02-20 06:22:21] Found source package /tmp/opengeo-suite-source/opengeo-suite-2.4.3-ee-solaris.tar
[2012-02-20 06:22:21] ** TargetDir (-T)
[2012-02-20 06:22:21] Found on the commandline ...
[2012-02-20 06:22:21] Using the value provided /tmp/opengeo-suite-target/~clear
[2012-02-20 06:22:21] FATAL: Target directory /tmp/opengeo-suite-target/~clear does not exist, exiting ...
[2012-02-20 06:23:51] ================================================
[2012-02-20 06:23:51] Install started
[2012-02-20 06:23:51] ================================================
[2012-02-20 06:23:51] ** Logging to /Desktop/git-home/suite-solaris-build/scripts/install-opengeo-suite.log
[2012-02-20 06:23:51] 
[2012-02-20 06:23:51] ** SourcePkg (-S)
[2012-02-20 06:23:51] Not specified on the commandline ...
[2012-02-20 06:23:51] Will attempt to use default /Desktop/git-home/suite-solaris-build/scripts/pkg/opengeo-suite-2.4.3-ee-solaris.tar
[2012-02-20 06:23:51] FATAL: Source package /Desktop/git-home/suite-solaris-build/scripts/pkg/opengeo-suite-2.4.3-ee-solaris.tar does not exist, exiting ...
[2012-02-20 06:24:09] ================================================
[2012-02-20 06:24:09] Install started
[2012-02-20 06:24:09] ================================================
[2012-02-20 06:24:09] ** Logging to /Desktop/git-home/suite-solaris-build/scripts/install-opengeo-suite.log
[2012-02-20 06:24:09] 
[2012-02-20 06:24:09] ** SourcePkg (-S)
[2012-02-20 06:24:09] Found on the commandline ...
[2012-02-20 06:24:09] Using the value provided /tmp/opengeo-suite-source/opengeo-suite-2.4.3-ee-solaris.tar
[2012-02-20 06:24:09] Found source package /tmp/opengeo-suite-source/opengeo-suite-2.4.3-ee-solaris.tar
[2012-02-20 06:24:09] ** TargetDir (-T)
[2012-02-20 06:24:09] Found on the commandline ...
[2012-02-20 06:24:09] Using the value provided /tmp/opengeo-suite-target/~clear
[2012-02-20 06:24:09] FATAL: Target directory /tmp/opengeo-suite-target/~clear does not exist, exiting ...
[2012-02-20 06:24:42] ================================================
[2012-02-20 06:24:42] Install started
[2012-02-20 06:24:42] ================================================
[2012-02-20 06:24:42] ** Logging to /Desktop/git-home/suite-solaris-build/scripts/install-opengeo-suite.log
[2012-02-20 06:24:42] 
[2012-02-20 06:24:42] ** SourcePkg (-S)
[2012-02-20 06:24:42] Not specified on the commandline ...
[2012-02-20 06:24:42] Will attempt to use default /Desktop/git-home/suite-solaris-build/scripts/pkg/opengeo-suite-2.4.3-ee-solaris.tar
[2012-02-20 06:24:42] FATAL: Source package /Desktop/git-home/suite-solaris-build/scripts/pkg/opengeo-suite-2.4.3-ee-solaris.tar does not exist, exiting ...
[2012-02-20 06:25:50] ================================================
[2012-02-20 06:25:50] Install started
[2012-02-20 06:25:50] ================================================
[2012-02-20 06:25:50] ** Logging to /Desktop/git-home/suite-solaris-build/scripts/install-opengeo-suite.log
[2012-02-20 06:25:50] 
[2012-02-20 06:25:50] ** SourcePkg (-S)
[2012-02-20 06:25:51] Found on the commandline ...
[2012-02-20 06:25:51] Using the value provided /tmp/opengeo-suite-source/opengeo-suite-2.4.3-ee-solaris.tar
[2012-02-20 06:25:51] Found source package /tmp/opengeo-suite-source/opengeo-suite-2.4.3-ee-solaris.tar
[2012-02-20 06:25:51] ** TargetDir (-T)
[2012-02-20 06:25:51] Found on the commandline ...
[2012-02-20 06:25:51] Using the value provided /tmp/opengeo-suite-dest
[2012-02-20 06:25:51] FATAL: Target directory /tmp/opengeo-suite-dest does not exist, exiting ...
[2012-02-20 06:26:01] ================================================
[2012-02-20 06:26:01] Install started
[2012-02-20 06:26:01] ================================================
[2012-02-20 06:26:01] ** Logging to /Desktop/git-home/suite-solaris-build/scripts/install-opengeo-suite.log
[2012-02-20 06:26:01] 
[2012-02-20 06:26:01] ** SourcePkg (-S)
[2012-02-20 06:26:01] Found on the commandline ...
[2012-02-20 06:26:01] Using the value provided /tmp/opengeo-suite-source/opengeo-suite-2.4.3-ee-solaris.tar
[2012-02-20 06:26:01] Found source package /tmp/opengeo-suite-source/opengeo-suite-2.4.3-ee-solaris.tar
[2012-02-20 06:26:01] ** TargetDir (-T)
[2012-02-20 06:26:01] Found on the commandline ...
[2012-02-20 06:26:01] Using the value provided /tmp/opengeo-suite-target
[2012-02-20 06:26:01] Found target directory /tmp/opengeo-suite-target
[2012-02-20 06:26:01] ** TempDir (-M)
[2012-02-20 06:26:01] Not specified on the commandline ...
[2012-02-20 06:26:01] Will attempt to use default /tmp/opengeo-suite-temp
[2012-02-20 06:26:01] Found and/or created /tmp/opengeo-suite-temp
[2012-02-20 06:26:01] ** GeoExplorerDataDir (-E)
[2012-02-20 06:26:01] Not specified on the commandline ...
[2012-02-20 06:26:01] Will use app default data directory
[2012-02-20 06:26:02] ** GeoServerDataDir (-G)
[2012-02-20 06:26:02] Not specified on the commandline ...
[2012-02-20 06:26:02] Will use app default data directory
[2012-02-20 06:26:02] ** GeoServerLogDir (-L)
[2012-02-20 06:26:02] Not specified on the commandline ...
[2012-02-20 06:26:02] Will use app default log directory
[2012-02-20 06:26:02] ** TemplateDataPack (-P)
[2012-02-20 06:26:02] Not specified on the command line ...
[2012-02-20 06:26:02] Will not use TemplateDataPack
[2012-02-20 06:26:02] ** JNDIConnRef (-J)
[2012-02-20 06:26:02] Not specified on the command line ...
[2012-02-20 06:26:02] Will not set JNDIConnRef
[2012-02-20 06:26:02] ** Glassfish User (-U)
[2012-02-20 06:26:02] Not specified on the commandline ...
[2012-02-20 06:26:02] Will use default dcuser.
[2012-02-20 06:26:02] ** Untar'ing Suite installation package into temp dir
[2012-02-20 06:26:02] Found Gtar where we expected it /usr/sbin/tar
[2012-02-20 06:26:02] FATAL: Command /usr/sbin/tar -xf /tmp/opengeo-suite-source/opengeo-suite-2.4.3-ee-solaris.tar -C /tmp/opengeo-suite-temp failed with exit code 1
[2012-02-20 06:31:42] ================================================
[2012-02-20 06:31:42] Install started
[2012-02-20 06:31:42] ================================================
[2012-02-20 06:31:42] ** Logging to /Desktop/git-home/suite-solaris-build/scripts/install-opengeo-suite.log
[2012-02-20 06:31:42] 
[2012-02-20 06:31:42] ** SourcePkg (-S)
[2012-02-20 06:31:42] Found on the commandline ...
[2012-02-20 06:31:42] Using the value provided /tmp/opengeo-suite-source/opengeo-suite-2.4.3-ee-solaris.tar
[2012-02-20 06:31:42] Found source package /tmp/opengeo-suite-source/opengeo-suite-2.4.3-ee-solaris.tar
[2012-02-20 06:31:42] ** TargetDir (-T)
[2012-02-20 06:31:42] Found on the commandline ...
[2012-02-20 06:31:42] Using the value provided /tmp/opengeo-suite-target
[2012-02-20 06:31:42] Found target directory /tmp/opengeo-suite-target
[2012-02-20 06:31:42] ** TempDir (-M)
[2012-02-20 06:31:42] Not specified on the commandline ...
[2012-02-20 06:31:42] Will attempt to use default /tmp/opengeo-suite-temp
[2012-02-20 06:31:42] Found and/or created /tmp/opengeo-suite-temp
[2012-02-20 06:31:42] ** GeoExplorerDataDir (-E)
[2012-02-20 06:31:42] Not specified on the commandline ...
[2012-02-20 06:31:42] Will use app default data directory
[2012-02-20 06:31:42] ** GeoServerDataDir (-G)
[2012-02-20 06:31:42] Not specified on the commandline ...
[2012-02-20 06:31:42] Will use app default data directory
[2012-02-20 06:31:42] ** GeoServerLogDir (-L)
[2012-02-20 06:31:42] Not specified on the commandline ...
[2012-02-20 06:31:42] Will use app default log directory
[2012-02-20 06:31:42] ** TemplateDataPack (-P)
[2012-02-20 06:31:42] Not specified on the command line ...
[2012-02-20 06:31:42] Will not use TemplateDataPack
[2012-02-20 06:31:42] ** JNDIConnRef (-J)
[2012-02-20 06:31:42] Not specified on the command line ...
[2012-02-20 06:31:42] Will not set JNDIConnRef
[2012-02-20 06:31:42] ** Glassfish User (-U)
[2012-02-20 06:31:42] Not specified on the commandline ...
[2012-02-20 06:31:42] Will use default dcuser.
[2012-02-20 06:31:42] ** Untar'ing Suite installation package into temp dir
[2012-02-20 06:31:42] Found Gtar where we expected it /usr/sbin/tar
[2012-02-20 06:31:42] FATAL: Command /usr/sbin/tar xf /tmp/opengeo-suite-source/opengeo-suite-2.4.3-ee-solaris.tar -C /tmp/opengeo-suite-temp failed with exit code 1
[2012-02-20 06:36:00] ================================================
[2012-02-20 06:36:00] Install started
[2012-02-20 06:36:00] ================================================
[2012-02-20 06:36:00] ** Logging to /Desktop/git-home/suite-solaris-build/scripts/install-opengeo-suite.log
[2012-02-20 06:36:00] 
[2012-02-20 06:36:00] ** SourcePkg (-S)
[2012-02-20 06:36:00] Found on the commandline ...
[2012-02-20 06:36:00] Using the value provided /tmp/opengeo-suite-source/opengeo-suite-2.4.3-ee-solaris.tar
[2012-02-20 06:36:00] Found source package /tmp/opengeo-suite-source/opengeo-suite-2.4.3-ee-solaris.tar
[2012-02-20 06:36:00] ** TargetDir (-T)
[2012-02-20 06:36:00] Found on the commandline ...
[2012-02-20 06:36:00] Using the value provided /tmp/opengeo-suite-target
[2012-02-20 06:36:00] Found target directory /tmp/opengeo-suite-target
[2012-02-20 06:36:00] ** TempDir (-M)
[2012-02-20 06:36:00] Found on the commandline ...
[2012-02-20 06:36:00] Using the value provided /tmp
[2012-02-20 06:36:00] Found and/or created /tmp/opengeo-suite-temp
[2012-02-20 06:36:00] ** GeoExplorerDataDir (-E)
[2012-02-20 06:36:00] Not specified on the commandline ...
[2012-02-20 06:36:00] Will use app default data directory
[2012-02-20 06:36:00] ** GeoServerDataDir (-G)
[2012-02-20 06:36:00] Not specified on the commandline ...
[2012-02-20 06:36:00] Will use app default data directory
[2012-02-20 06:36:00] ** GeoServerLogDir (-L)
[2012-02-20 06:36:00] Not specified on the commandline ...
[2012-02-20 06:36:00] Will use app default log directory
[2012-02-20 06:36:00] ** TemplateDataPack (-P)
[2012-02-20 06:36:00] Not specified on the command line ...
[2012-02-20 06:36:00] Will not use TemplateDataPack
[2012-02-20 06:36:00] ** JNDIConnRef (-J)
[2012-02-20 06:36:00] Not specified on the command line ...
[2012-02-20 06:36:00] Will not set JNDIConnRef
[2012-02-20 06:36:00] ** Glassfish User (-U)
[2012-02-20 06:36:00] Not specified on the commandline ...
[2012-02-20 06:36:00] Will use default dcuser.
[2012-02-20 06:36:00] ** Untar'ing Suite installation package into temp dir
[2012-02-20 06:36:00] Found Gtar where we expected it /usr/sbin/tar
[2012-02-20 06:36:01] FATAL: Command /usr/sbin/tar xf /tmp/opengeo-suite-source/opengeo-suite-2.4.3-ee-solaris.tar -C /tmp/opengeo-suite-temp failed with exit code 1
